<?xml version="1.0" encoding="UTF-8"?>
<testsuite xmlns:xsi="http://www.w3.org/2001/XMLSchema-instance" xsi:noNamespaceSchemaLocation="https://maven.apache.org/surefire/maven-surefire-plugin/xsd/surefire-test-report-3.0.xsd" version="3.0" name="org.acme.telemetry.TelemetryValidatorTest" time="0.178" tests="15" errors="0" skipped="0" failures="0">
  <properties>
    <property name="java.specification.version" value="21"/>
    <property name="sun.cpu.isalist" value="amd64"/>
    <property name="test.url" value="http://localhost:8081"/>
    <property name="sun.jnu.encoding" value="Cp1252"/>
    <property name="java.class.path" value="C:\Users\mks\Claude\quarkus-telemetry\target\test-classes;C:\Users\mks\Claude\quarkus-telemetry\target\classes;C:\Users\mks\.m2\repository\io\quarkus\quarkus-resteasy-reactive-jackson\3.7.1\quarkus-resteasy-reactive-jackson-3.7.1.jar;C:\Users\mks\.m2\repository\io\quarkus\quarkus-resteasy-reactive\3.7.1\quarkus-resteasy-reactive-3.7.1.jar;C:\Users\mks\.m2\repository\io\quarkus\quarkus-resteasy-reactive-common\3.7.1\quarkus-resteasy-reactive-common-3.7.1.jar;C:\Users\mks\.m2\repository\io\quarkus\resteasy\reactive\resteasy-reactive-common\3.7.1\resteasy-reactive-common-3.7.1.jar;C:\Users\mks\.m2\repository\io\quarkus\resteasy\reactive\resteasy-reactive-common-types\3.7.1\resteasy-reactive-common-types-3.7.1.jar;C:\Users\mks\.m2\repository\org\reactivestreams\reactive-streams\1.0.4\reactive-streams-1.0.4.jar;C:\Users\mks\.m2\repository\io\smallrye\reactive\mutiny-zero-flow-adapters\1.0.0\mutiny-zero-flow-adapters-1.0.0.jar;C:\Users\mks\.m2\repository\io\quarkus\resteasy\reactive\resteasy-reactive-vertx\3.7.1\resteasy-reactive-vertx-3.7.1.jar;C:\Users\mks\.m2\repository\io\smallrye\reactive\smallrye-mutiny-vertx-core\3.8.0\smallrye-mutiny-vertx-core-3.8.0.jar;C:\Users\mks\.m2\repository\io\smallrye\reactive\smallrye-mutiny-vertx-runtime\3.8.0\smallrye-mutiny-vertx-runtime-3.8.0.jar;C:\Users\mks\.m2\repository\io\smallrye\reactive\vertx-mutiny-generator\3.8.0\vertx-mutiny-generator-3.8.0.jar;C:\Users\mks\.m2\repository\io\vertx\vertx-codegen\4.5.1\vertx-codegen-4.5.1.jar;C:\Users\mks\.m2\repository\io\quarkus\resteasy\reactive\resteasy-reactive\3.7.1\resteasy-reactive-3.7.1.jar;C:\Users\mks\.m2\repository\jakarta\ws\rs\jakarta.ws.rs-api\3.1.0\jakarta.ws.rs-api-3.1.0.jar;C:\Users\mks\.m2\repository\jakarta\xml\bind\jakarta.xml.bind-api\4.0.1\jakarta.xml.bind-api-4.0.1.jar;C:\Users\mks\.m2\repository\jakarta\activation\jakarta.activation-api\2.1.2\jakarta.activation-api-2.1.2.jar;C:\Users\mks\.m2\repository\io\quarkus\quarkus-jsonp\3.7.1\quarkus-jsonp-3.7.1.jar;C:\Users\mks\.m2\repository\org\eclipse\parsson\parsson\1.1.5\parsson-1.1.5.jar;C:\Users\mks\.m2\repository\io\quarkus\quarkus-virtual-threads\3.7.1\quarkus-virtual-threads-3.7.1.jar;C:\Users\mks\.m2\repository\io\vertx\vertx-core\4.5.1\vertx-core-4.5.1.jar;C:\Users\mks\.m2\repository\io\netty\netty-common\4.1.106.Final\netty-common-4.1.106.Final.jar;C:\Users\mks\.m2\repository\io\netty\netty-buffer\4.1.106.Final\netty-buffer-4.1.106.Final.jar;C:\Users\mks\.m2\repository\io\netty\netty-transport\4.1.106.Final\netty-transport-4.1.106.Final.jar;C:\Users\mks\.m2\repository\io\netty\netty-handler\4.1.106.Final\netty-handler-4.1.106.Final.jar;C:\Users\mks\.m2\repository\io\netty\netty-transport-native-unix-common\4.1.106.Final\netty-transport-native-unix-common-4.1.106.Final.jar;C:\Users\mks\.m2\repository\io\netty\netty-handler-proxy\4.1.106.Final\netty-handler-proxy-4.1.106.Final.jar;C:\Users\mks\.m2\repository\io\netty\netty-codec-socks\4.1.106.Final\netty-codec-socks-4.1.106.Final.jar;C:\Users\mks\.m2\repository\io\netty\netty-codec-http\4.1.106.Final\netty-codec-http-4.1.106.Final.jar;C:\Users\mks\.m2\repository\io\netty\netty-codec-http2\4.1.106.Final\netty-codec-http2-4.1.106.Final.jar;C:\Users\mks\.m2\repository\io\netty\netty-resolver\4.1.106.Final\netty-resolver-4.1.106.Final.jar;C:\Users\mks\.m2\repository\io\netty\netty-resolver-dns\4.1.106.Final\netty-resolver-dns-4.1.106.Final.jar;C:\Users\mks\.m2\repository\io\netty\netty-codec-dns\4.1.106.Final\netty-codec-dns-4.1.106.Final.jar;C:\Users\mks\.m2\repository\io\quarkus\quarkus-resteasy-reactive-jackson-common\3.7.1\quarkus-resteasy-reactive-jackson-common-3.7.1.jar;C:\Users\mks\.m2\repository\io\quarkus\resteasy\reactive\resteasy-reactive-jackson\3.7.1\resteasy-reactive-jackson-3.7.1.jar;C:\Users\mks\.m2\repository\io\quarkus\quarkus-jackson\3.7.1\quarkus-jackson-3.7.1.jar;C:\Users\mks\.m2\repository\com\fasterxml\jackson\datatype\jackson-datatype-jsr310\2.16.1\jackson-datatype-jsr310-2.16.1.jar;C:\Users\mks\.m2\repository\com\fasterxml\jackson\datatype\jackson-datatype-jdk8\2.16.1\jackson-datatype-jdk8-2.16.1.jar;C:\Users\mks\.m2\repository\com\fasterxml\jackson\module\jackson-module-parameter-names\2.16.1\jackson-module-parameter-names-2.16.1.jar;C:\Users\mks\.m2\repository\io\quarkus\quarkus-arc\3.7.1\quarkus-arc-3.7.1.jar;C:\Users\mks\.m2\repository\io\quarkus\arc\arc\3.7.1\arc-3.7.1.jar;C:\Users\mks\.m2\repository\jakarta\enterprise\jakarta.enterprise.cdi-api\4.0.1\jakarta.enterprise.cdi-api-4.0.1.jar;C:\Users\mks\.m2\repository\jakarta\enterprise\jakarta.enterprise.lang-model\4.0.1\jakarta.enterprise.lang-model-4.0.1.jar;C:\Users\mks\.m2\repository\jakarta\el\jakarta.el-api\5.0.1\jakarta.el-api-5.0.1.jar;C:\Users\mks\.m2\repository\jakarta\interceptor\jakarta.interceptor-api\2.1.0\jakarta.interceptor-api-2.1.0.jar;C:\Users\mks\.m2\repository\jakarta\annotation\jakarta.annotation-api\2.1.1\jakarta.annotation-api-2.1.1.jar;C:\Users\mks\.m2\repository\jakarta\transaction\jakarta.transaction-api\2.0.1\jakarta.transaction-api-2.0.1.jar;C:\Users\mks\.m2\repository\io\smallrye\reactive\mutiny\2.5.6\mutiny-2.5.6.jar;C:\Users\mks\.m2\repository\io\smallrye\common\smallrye-common-annotation\2.1.2\smallrye-common-annotation-2.1.2.jar;C:\Users\mks\.m2\repository\org\jboss\logging\jboss-logging\3.5.3.Final\jboss-logging-3.5.3.Final.jar;C:\Users\mks\.m2\repository\io\quarkus\quarkus-core\3.7.1\quarkus-core-3.7.1.jar;C:\Users\mks\.m2\repository\jakarta\inject\jakarta.inject-api\2.0.1\jakarta.inject-api-2.0.1.jar;C:\Users\mks\.m2\repository\io\smallrye\common\smallrye-common-os\2.1.2\smallrye-common-os-2.1.2.jar;C:\Users\mks\.m2\repository\io\quarkus\quarkus-ide-launcher\3.7.1\quarkus-ide-launcher-3.7.1.jar;C:\Users\mks\.m2\repository\io\quarkus\quarkus-development-mode-spi\3.7.1\quarkus-development-mode-spi-3.7.1.jar;C:\Users\mks\.m2\repository\io\smallrye\config\smallrye-config\3.5.2\smallrye-config-3.5.2.jar;C:\Users\mks\.m2\repository\io\smallrye\config\smallrye-config-core\3.5.2\smallrye-config-core-3.5.2.jar;C:\Users\mks\.m2\repository\io\smallrye\common\smallrye-common-classloader\2.1.2\smallrye-common-classloader-2.1.2.jar;C:\Users\mks\.m2\repository\io\smallrye\config\smallrye-config-common\3.5.2\smallrye-config-common-3.5.2.jar;C:\Users\mks\.m2\repository\org\jboss\logmanager\jboss-logmanager\3.0.4.Final\jboss-logmanager-3.0.4.Final.jar;C:\Users\mks\.m2\repository\io\smallrye\common\smallrye-common-constraint\2.1.2\smallrye-common-constraint-2.1.2.jar;C:\Users\mks\.m2\repository\io\smallrye\common\smallrye-common-cpu\2.1.2\smallrye-common-cpu-2.1.2.jar;C:\Users\mks\.m2\repository\io\smallrye\common\smallrye-common-expression\2.1.2\smallrye-common-expression-2.1.2.jar;C:\Users\mks\.m2\repository\io\smallrye\common\smallrye-common-function\2.1.2\smallrye-common-function-2.1.2.jar;C:\Users\mks\.m2\repository\io\smallrye\common\smallrye-common-net\2.1.2\smallrye-common-net-2.1.2.jar;C:\Users\mks\.m2\repository\io\smallrye\common\smallrye-common-ref\2.1.2\smallrye-common-ref-2.1.2.jar;C:\Users\mks\.m2\repository\jakarta\json\jakarta.json-api\2.1.3\jakarta.json-api-2.1.3.jar;C:\Users\mks\.m2\repository\org\jboss\logging\jboss-logging-annotations\2.2.1.Final\jboss-logging-annotations-2.2.1.Final.jar;C:\Users\mks\.m2\repository\org\jboss\threads\jboss-threads\3.5.1.Final\jboss-threads-3.5.1.Final.jar;C:\Users\mks\.m2\repository\org\slf4j\slf4j-api\2.0.6\slf4j-api-2.0.6.jar;C:\Users\mks\.m2\repository\org\jboss\slf4j\slf4j-jboss-logmanager\2.0.0.Final\slf4j-jboss-logmanager-2.0.0.Final.jar;C:\Users\mks\.m2\repository\org\wildfly\common\wildfly-common\1.7.0.Final\wildfly-common-1.7.0.Final.jar;C:\Users\mks\.m2\repository\io\quarkus\quarkus-bootstrap-runner\3.7.1\quarkus-bootstrap-runner-3.7.1.jar;C:\Users\mks\.m2\repository\io\quarkus\quarkus-fs-util\0.0.10\quarkus-fs-util-0.0.10.jar;C:\Users\mks\.m2\repository\org\eclipse\microprofile\context-propagation\microprofile-context-propagation-api\1.3\microprofile-context-propagation-api-1.3.jar;C:\Users\mks\.m2\repository\com\opencsv\opencsv\5.8\opencsv-5.8.jar;C:\Users\mks\.m2\repository\org\apache\commons\commons-lang3\3.14.0\commons-lang3-3.14.0.jar;C:\Users\mks\.m2\repository\org\apache\commons\commons-text\1.11.0\commons-text-1.11.0.jar;C:\Users\mks\.m2\repository\commons-beanutils\commons-beanutils\1.9.4\commons-beanutils-1.9.4.jar;C:\Users\mks\.m2\repository\commons-logging\commons-logging\1.2\commons-logging-1.2.jar;C:\Users\mks\.m2\repository\commons-collections\commons-collections\3.2.2\commons-collections-3.2.2.jar;C:\Users\mks\.m2\repository\org\apache\commons\commons-collections4\4.4\commons-collections4-4.4.jar;C:\Users\mks\.m2\repository\io\quarkus\quarkus-smallrye-openapi\3.7.1\quarkus-smallrye-openapi-3.7.1.jar;C:\Users\mks\.m2\repository\io\smallrye\smallrye-open-api-core\3.8.0\smallrye-open-api-core-3.8.0.jar;C:\Users\mks\.m2\repository\org\eclipse\microprofile\openapi\microprofile-openapi-api\3.1.1\microprofile-openapi-api-3.1.1.jar;C:\Users\mks\.m2\repository\org\eclipse\microprofile\config\microprofile-config-api\3.0.3\microprofile-config-api-3.0.3.jar;C:\Users\mks\.m2\repository\com\fasterxml\jackson\core\jackson-core\2.16.1\jackson-core-2.16.1.jar;C:\Users\mks\.m2\repository\com\fasterxml\jackson\core\jackson-databind\2.16.1\jackson-databind-2.16.1.jar;C:\Users\mks\.m2\repository\com\fasterxml\jackson\core\jackson-annotations\2.16.1\jackson-annotations-2.16.1.jar;C:\Users\mks\.m2\repository\com\fasterxml\jackson\dataformat\jackson-dataformat-yaml\2.16.1\jackson-dataformat-yaml-2.16.1.jar;C:\Users\mks\.m2\repository\org\yaml\snakeyaml\2.2\snakeyaml-2.2.jar;C:\Users\mks\.m2\repository\io\smallrye\jandex\3.1.6\jandex-3.1.6.jar;C:\Users\mks\.m2\repository\io\quarkus\quarkus-vertx-http\3.7.1\quarkus-vertx-http-3.7.1.jar;C:\Users\mks\.m2\repository\io\quarkus\quarkus-security-runtime-spi\3.7.1\quarkus-security-runtime-spi-3.7.1.jar;C:\Users\mks\.m2\repository\io\quarkus\quarkus-credentials\3.7.1\quarkus-credentials-3.7.1.jar;C:\Users\mks\.m2\repository\io\quarkus\quarkus-mutiny\3.7.1\quarkus-mutiny-3.7.1.jar;C:\Users\mks\.m2\repository\io\quarkus\quarkus-smallrye-context-propagation\3.7.1\quarkus-smallrye-context-propagation-3.7.1.jar;C:\Users\mks\.m2\repository\io\smallrye\smallrye-context-propagation\2.1.0\smallrye-context-propagation-2.1.0.jar;C:\Users\mks\.m2\repository\io\smallrye\smallrye-context-propagation-api\2.1.0\smallrye-context-propagation-api-2.1.0.jar;C:\Users\mks\.m2\repository\io\smallrye\smallrye-context-propagation-storage\2.1.0\smallrye-context-propagation-storage-2.1.0.jar;C:\Users\mks\.m2\repository\io\smallrye\reactive\mutiny-smallrye-context-propagation\2.5.6\mutiny-smallrye-context-propagation-2.5.6.jar;C:\Users\mks\.m2\repository\io\smallrye\common\smallrye-common-vertx-context\2.1.2\smallrye-common-vertx-context-2.1.2.jar;C:\Users\mks\.m2\repository\io\quarkus\security\quarkus-security\2.0.3.Final\quarkus-security-2.0.3.Final.jar;C:\Users\mks\.m2\repository\io\quarkus\quarkus-vertx\3.7.1\quarkus-vertx-3.7.1.jar;C:\Users\mks\.m2\repository\io\quarkus\quarkus-netty\3.7.1\quarkus-netty-3.7.1.jar;C:\Users\mks\.m2\repository\io\netty\netty-codec\4.1.106.Final\netty-codec-4.1.106.Final.jar;C:\Users\mks\.m2\repository\com\aayushatharva\brotli4j\brotli4j\1.12.0\brotli4j-1.12.0.jar;C:\Users\mks\.m2\repository\com\aayushatharva\brotli4j\service\1.12.0\service-1.12.0.jar;C:\Users\mks\.m2\repository\com\aayushatharva\brotli4j\native-windows-x86_64\1.12.0\native-windows-x86_64-1.12.0.jar;C:\Users\mks\.m2\repository\io\netty\netty-codec-haproxy\4.1.106.Final\netty-codec-haproxy-4.1.106.Final.jar;C:\Users\mks\.m2\repository\io\quarkus\quarkus-vertx-latebound-mdc-provider\3.7.1\quarkus-vertx-latebound-mdc-provider-3.7.1.jar;C:\Users\mks\.m2\repository\io\smallrye\smallrye-fault-tolerance-vertx\6.2.6\smallrye-fault-tolerance-vertx-6.2.6.jar;C:\Users\mks\.m2\repository\io\smallrye\reactive\smallrye-mutiny-vertx-web\3.8.0\smallrye-mutiny-vertx-web-3.8.0.jar;C:\Users\mks\.m2\repository\io\smallrye\reactive\smallrye-mutiny-vertx-web-common\3.8.0\smallrye-mutiny-vertx-web-common-3.8.0.jar;C:\Users\mks\.m2\repository\io\smallrye\reactive\smallrye-mutiny-vertx-auth-common\3.8.0\smallrye-mutiny-vertx-auth-common-3.8.0.jar;C:\Users\mks\.m2\repository\io\smallrye\reactive\smallrye-mutiny-vertx-bridge-common\3.8.0\smallrye-mutiny-vertx-bridge-common-3.8.0.jar;C:\Users\mks\.m2\repository\io\smallrye\reactive\smallrye-mutiny-vertx-uri-template\3.8.0\smallrye-mutiny-vertx-uri-template-3.8.0.jar;C:\Users\mks\.m2\repository\io\vertx\vertx-uri-template\4.5.1\vertx-uri-template-4.5.1.jar;C:\Users\mks\.m2\repository\io\vertx\vertx-web\4.5.1\vertx-web-4.5.1.jar;C:\Users\mks\.m2\repository\io\vertx\vertx-web-common\4.5.1\vertx-web-common-4.5.1.jar;C:\Users\mks\.m2\repository\io\vertx\vertx-auth-common\4.5.1\vertx-auth-common-4.5.1.jar;C:\Users\mks\.m2\repository\io\vertx\vertx-bridge-common\4.5.1\vertx-bridge-common-4.5.1.jar;C:\Users\mks\.m2\repository\io\github\crac\org-crac\0.1.3\org-crac-0.1.3.jar;C:\Users\mks\.m2\repository\io\quarkus\quarkus-swagger-ui\3.7.1\quarkus-swagger-ui-3.7.1.jar;C:\Users\mks\.m2\repository\io\quarkus\quarkus-junit5\3.7.1\quarkus-junit5-3.7.1.jar;C:\Users\mks\.m2\repository\io\quarkus\quarkus-bootstrap-core\3.7.1\quarkus-bootstrap-core-3.7.1.jar;C:\Users\mks\.m2\repository\io\quarkus\quarkus-bootstrap-app-model\3.7.1\quarkus-bootstrap-app-model-3.7.1.jar;C:\Users\mks\.m2\repository\io\smallrye\common\smallrye-common-io\2.1.2\smallrye-common-io-2.1.2.jar;C:\Users\mks\.m2\repository\org\eclipse\sisu\org.eclipse.sisu.inject\0.9.0.M2\org.eclipse.sisu.inject-0.9.0.M2.jar;C:\Users\mks\.m2\repository\io\quarkus\quarkus-test-common\3.7.1\quarkus-test-common-3.7.1.jar;C:\Users\mks\.m2\repository\io\quarkus\quarkus-core-deployment\3.7.1\quarkus-core-deployment-3.7.1.jar;C:\Users\mks\.m2\repository\org\aesh\readline\2.4\readline-2.4.jar;C:\Users\mks\.m2\repository\org\fusesource\jansi\jansi\2.4.0\jansi-2.4.0.jar;C:\Users\mks\.m2\repository\org\aesh\aesh\2.7\aesh-2.7.jar;C:\Users\mks\.m2\repository\io\quarkus\gizmo\gizmo\1.7.0\gizmo-1.7.0.jar;C:\Users\mks\.m2\repository\org\ow2\asm\asm-util\9.6\asm-util-9.6.jar;C:\Users\mks\.m2\repository\org\ow2\asm\asm-analysis\9.6\asm-analysis-9.6.jar;C:\Users\mks\.m2\repository\org\ow2\asm\asm\9.6\asm-9.6.jar;C:\Users\mks\.m2\repository\org\ow2\asm\asm-commons\9.6\asm-commons-9.6.jar;C:\Users\mks\.m2\repository\org\ow2\asm\asm-tree\9.6\asm-tree-9.6.jar;C:\Users\mks\.m2\repository\io\quarkus\quarkus-class-change-agent\3.7.1\quarkus-class-change-agent-3.7.1.jar;C:\Users\mks\.m2\repository\io\quarkus\quarkus-devtools-utilities\3.7.1\quarkus-devtools-utilities-3.7.1.jar;C:\Users\mks\.m2\repository\io\quarkus\quarkus-builder\3.7.1\quarkus-builder-3.7.1.jar;C:\Users\mks\.m2\repository\org\graalvm\sdk\graal-sdk\23.0.1\graal-sdk-23.0.1.jar;C:\Users\mks\.m2\repository\org\junit\platform\junit-platform-launcher\1.10.1\junit-platform-launcher-1.10.1.jar;C:\Users\mks\.m2\repository\io\quarkus\quarkus-bootstrap-maven-resolver\3.7.1\quarkus-bootstrap-maven-resolver-3.7.1.jar;C:\Users\mks\.m2\repository\io\smallrye\beanbag\smallrye-beanbag-maven\1.3.2\smallrye-beanbag-maven-1.3.2.jar;C:\Users\mks\.m2\repository\io\smallrye\beanbag\smallrye-beanbag-sisu\1.3.2\smallrye-beanbag-sisu-1.3.2.jar;C:\Users\mks\.m2\repository\io\smallrye\beanbag\smallrye-beanbag\1.3.2\smallrye-beanbag-1.3.2.jar;C:\Users\mks\.m2\repository\javax\inject\javax.inject\1\javax.inject-1.jar;C:\Users\mks\.m2\repository\org\apache\maven\maven-artifact\3.9.6\maven-artifact-3.9.6.jar;C:\Users\mks\.m2\repository\org\apache\maven\maven-builder-support\3.9.6\maven-builder-support-3.9.6.jar;C:\Users\mks\.m2\repository\org\apache\maven\maven-model\3.9.6\maven-model-3.9.6.jar;C:\Users\mks\.m2\repository\org\apache\maven\maven-model-builder\3.9.6\maven-model-builder-3.9.6.jar;C:\Users\mks\.m2\repository\org\apache\maven\maven-repository-metadata\3.9.6\maven-repository-metadata-3.9.6.jar;C:\Users\mks\.m2\repository\org\apache\maven\maven-settings\3.9.6\maven-settings-3.9.6.jar;C:\Users\mks\.m2\repository\org\apache\maven\resolver\maven-resolver-api\1.9.18\maven-resolver-api-1.9.18.jar;C:\Users\mks\.m2\repository\org\apache\maven\resolver\maven-resolver-impl\1.9.18\maven-resolver-impl-1.9.18.jar;C:\Users\mks\.m2\repository\org\apache\maven\resolver\maven-resolver-named-locks\1.9.18\maven-resolver-named-locks-1.9.18.jar;C:\Users\mks\.m2\repository\org\apache\maven\resolver\maven-resolver-spi\1.9.18\maven-resolver-spi-1.9.18.jar;C:\Users\mks\.m2\repository\org\apache\maven\resolver\maven-resolver-util\1.9.18\maven-resolver-util-1.9.18.jar;C:\Users\mks\.m2\repository\org\apache\maven\resolver\maven-resolver-transport-http\1.9.10\maven-resolver-transport-http-1.9.10.jar;C:\Users\mks\.m2\repository\org\apache\maven\wagon\wagon-provider-api\3.5.3\wagon-provider-api-3.5.3.jar;C:\Users\mks\.m2\repository\org\apache\maven\wagon\wagon-http-shared\3.5.3\wagon-http-shared-3.5.3.jar;C:\Users\mks\.m2\repository\org\codehaus\plexus\plexus-interpolation\1.26\plexus-interpolation-1.26.jar;C:\Users\mks\.m2\repository\org\codehaus\plexus\plexus-utils\3.5.1\plexus-utils-3.5.1.jar;C:\Users\mks\.m2\repository\org\codehaus\plexus\plexus-xml\4.0.0\plexus-xml-4.0.0.jar;C:\Users\mks\.m2\repository\org\apache\maven\maven-xml-impl\4.0.0-alpha-5\maven-xml-impl-4.0.0-alpha-5.jar;C:\Users\mks\.m2\repository\org\apache\maven\maven-api-xml\4.0.0-alpha-5\maven-api-xml-4.0.0-alpha-5.jar;C:\Users\mks\.m2\repository\org\apache\maven\maven-api-meta\4.0.0-alpha-5\maven-api-meta-4.0.0-alpha-5.jar;C:\Users\mks\.m2\repository\org\codehaus\plexus\plexus-cipher\2.0\plexus-cipher-2.0.jar;C:\Users\mks\.m2\repository\org\codehaus\plexus\plexus-sec-dispatcher\2.0\plexus-sec-dispatcher-2.0.jar;C:\Users\mks\.m2\repository\org\apache\maven\maven-embedder\3.9.6\maven-embedder-3.9.6.jar;C:\Users\mks\.m2\repository\org\apache\maven\maven-core\3.9.6\maven-core-3.9.6.jar;C:\Users\mks\.m2\repository\org\codehaus\plexus\plexus-component-annotations\2.1.0\plexus-component-annotations-2.1.0.jar;C:\Users\mks\.m2\repository\org\apache\maven\maven-plugin-api\3.9.6\maven-plugin-api-3.9.6.jar;C:\Users\mks\.m2\repository\org\apache\maven\shared\maven-shared-utils\3.3.4\maven-shared-utils-3.3.4.jar;C:\Users\mks\.m2\repository\com\google\inject\guice\5.1.0\guice-5.1.0.jar;C:\Users\mks\.m2\repository\aopalliance\aopalliance\1.0\aopalliance-1.0.jar;C:\Users\mks\.m2\repository\com\google\guava\guava\33.0.0-jre\guava-33.0.0-jre.jar;C:\Users\mks\.m2\repository\com\google\guava\failureaccess\1.0.1\failureaccess-1.0.1.jar;C:\Users\mks\.m2\repository\javax\annotation\javax.annotation-api\1.3.2\javax.annotation-api-1.3.2.jar;C:\Users\mks\.m2\repository\org\codehaus\plexus\plexus-classworlds\2.6.0\plexus-classworlds-2.6.0.jar;C:\Users\mks\.m2\repository\commons-cli\commons-cli\1.5.0\commons-cli-1.5.0.jar;C:\Users\mks\.m2\repository\org\eclipse\sisu\org.eclipse.sisu.plexus\0.9.0.M2\org.eclipse.sisu.plexus-0.9.0.M2.jar;C:\Users\mks\.m2\repository\org\apache\maven\maven-settings-builder\3.9.6\maven-settings-builder-3.9.6.jar;C:\Users\mks\.m2\repository\org\apache\maven\maven-resolver-provider\3.9.6\maven-resolver-provider-3.9.6.jar;C:\Users\mks\.m2\repository\org\apache\maven\resolver\maven-resolver-connector-basic\1.9.18\maven-resolver-connector-basic-1.9.18.jar;C:\Users\mks\.m2\repository\org\apache\maven\resolver\maven-resolver-transport-wagon\1.9.18\maven-resolver-transport-wagon-1.9.18.jar;C:\Users\mks\.m2\repository\org\apache\maven\wagon\wagon-http\3.5.3\wagon-http-3.5.3.jar;C:\Users\mks\.m2\repository\org\apache\maven\wagon\wagon-file\3.5.3\wagon-file-3.5.3.jar;C:\Users\mks\.m2\repository\io\quarkus\quarkus-bootstrap-gradle-resolver\3.7.1\quarkus-bootstrap-gradle-resolver-3.7.1.jar;C:\Users\mks\.m2\repository\commons-io\commons-io\2.15.1\commons-io-2.15.1.jar;C:\Users\mks\.m2\repository\org\jboss\logging\commons-logging-jboss-logging\1.0.0.Final\commons-logging-jboss-logging-1.0.0.Final.jar;C:\Users\mks\.m2\repository\io\quarkus\quarkus-junit5-properties\3.7.1\quarkus-junit5-properties-3.7.1.jar;C:\Users\mks\.m2\repository\org\junit\jupiter\junit-jupiter\5.10.1\junit-jupiter-5.10.1.jar;C:\Users\mks\.m2\repository\org\junit\jupiter\junit-jupiter-api\5.10.1\junit-jupiter-api-5.10.1.jar;C:\Users\mks\.m2\repository\org\opentest4j\opentest4j\1.3.0\opentest4j-1.3.0.jar;C:\Users\mks\.m2\repository\org\junit\platform\junit-platform-commons\1.10.1\junit-platform-commons-1.10.1.jar;C:\Users\mks\.m2\repository\org\apiguardian\apiguardian-api\1.1.2\apiguardian-api-1.1.2.jar;C:\Users\mks\.m2\repository\org\junit\jupiter\junit-jupiter-params\5.10.1\junit-jupiter-params-5.10.1.jar;C:\Users\mks\.m2\repository\org\junit\jupiter\junit-jupiter-engine\5.10.1\junit-jupiter-engine-5.10.1.jar;C:\Users\mks\.m2\repository\org\junit\platform\junit-platform-engine\1.10.1\junit-platform-engine-1.10.1.jar;C:\Users\mks\.m2\repository\com\thoughtworks\xstream\xstream\1.4.20\xstream-1.4.20.jar;C:\Users\mks\.m2\repository\io\github\x-stream\mxparser\1.2.2\mxparser-1.2.2.jar;C:\Users\mks\.m2\repository\xmlpull\xmlpull\1.1.3.1\xmlpull-1.1.3.1.jar;C:\Users\mks\.m2\repository\io\rest-assured\rest-assured\5.4.0\rest-assured-5.4.0.jar;C:\Users\mks\.m2\repository\org\apache\groovy\groovy\4.0.16\groovy-4.0.16.jar;C:\Users\mks\.m2\repository\org\apache\groovy\groovy-xml\4.0.16\groovy-xml-4.0.16.jar;C:\Users\mks\.m2\repository\org\apache\httpcomponents\httpclient\4.5.14\httpclient-4.5.14.jar;C:\Users\mks\.m2\repository\org\apache\httpcomponents\httpcore\4.4.16\httpcore-4.4.16.jar;C:\Users\mks\.m2\repository\commons-codec\commons-codec\1.16.0\commons-codec-1.16.0.jar;C:\Users\mks\.m2\repository\org\apache\httpcomponents\httpmime\4.5.14\httpmime-4.5.14.jar;C:\Users\mks\.m2\repository\org\hamcrest\hamcrest\2.2\hamcrest-2.2.jar;C:\Users\mks\.m2\repository\org\ccil\cowan\tagsoup\tagsoup\1.2.1\tagsoup-1.2.1.jar;C:\Users\mks\.m2\repository\io\rest-assured\json-path\5.4.0\json-path-5.4.0.jar;C:\Users\mks\.m2\repository\org\apache\groovy\groovy-json\4.0.16\groovy-json-4.0.16.jar;C:\Users\mks\.m2\repository\io\rest-assured\rest-assured-common\5.4.0\rest-assured-common-5.4.0.jar;C:\Users\mks\.m2\repository\io\rest-assured\xml-path\5.4.0\xml-path-5.4.0.jar;C:\Users\mks\.m2\repository\org\assertj\assertj-core\3.24.2\assertj-core-3.24.2.jar;C:\Users\mks\.m2\repository\net\bytebuddy\byte-buddy\1.14.7\byte-buddy-1.14.7.jar;"/>
    <property name="java.vm.vendor" value="Amazon.com Inc."/>
    <property name="sun.arch.data.model" value="64"/>
    <property name="user.variant" value=""/>
    <property name="java.vendor.url" value="https://aws.amazon.com/corretto/"/>
    <property name="user.timezone" value="Europe/Copenhagen"/>
    <property name="user.country.format" value="DK"/>
    <property name="logging.initial-configurator.min-level" value="500"/>
    <property name="java.vm.specification.version" value="21"/>
    <property name="os.name" value="Windows 11"/>
    <property name="sun.java.launcher" value="SUN_STANDARD"/>
    <property name="user.country" value="GB"/>
    <property name="groovy.use.classvalue" value="false"/>
    <property name="mp.openapi.extensions.smallrye.defaultProduces" value="application/json"/>
    <property name="sun.boot.library.path" value="C:\Program Files\Amazon Corretto\jdk21.0.5_11\bin"/>
    <property name="sun.java.command" value="C:\Users\mks\AppData\Local\Temp\surefire15823882099549612612\surefirebooter-20250204120006458_3.jar C:\Users\mks\AppData\Local\Temp\surefire15823882099549612612 2025-02-04T12-00-06_219-jvmRun1 surefire-20250204120006458_1tmp surefire_0-20250204120006458_2tmp"/>
    <property name="jdk.debug" value="release"/>
    <property name="maven.home" value="C:\ProgramData\chocolatey\lib\maven\apache-maven-3.9.9"/>
    <property name="surefire.test.class.path" value="C:\Users\mks\Claude\quarkus-telemetry\target\test-classes;C:\Users\mks\Claude\quarkus-telemetry\target\classes;C:\Users\mks\.m2\repository\io\quarkus\quarkus-resteasy-reactive-jackson\3.7.1\quarkus-resteasy-reactive-jackson-3.7.1.jar;C:\Users\mks\.m2\repository\io\quarkus\quarkus-resteasy-reactive\3.7.1\quarkus-resteasy-reactive-3.7.1.jar;C:\Users\mks\.m2\repository\io\quarkus\quarkus-resteasy-reactive-common\3.7.1\quarkus-resteasy-reactive-common-3.7.1.jar;C:\Users\mks\.m2\repository\io\quarkus\resteasy\reactive\resteasy-reactive-common\3.7.1\resteasy-reactive-common-3.7.1.jar;C:\Users\mks\.m2\repository\io\quarkus\resteasy\reactive\resteasy-reactive-common-types\3.7.1\resteasy-reactive-common-types-3.7.1.jar;C:\Users\mks\.m2\repository\org\reactivestreams\reactive-streams\1.0.4\reactive-streams-1.0.4.jar;C:\Users\mks\.m2\repository\io\smallrye\reactive\mutiny-zero-flow-adapters\1.0.0\mutiny-zero-flow-adapters-1.0.0.jar;C:\Users\mks\.m2\repository\io\quarkus\resteasy\reactive\resteasy-reactive-vertx\3.7.1\resteasy-reactive-vertx-3.7.1.jar;C:\Users\mks\.m2\repository\io\smallrye\reactive\smallrye-mutiny-vertx-core\3.8.0\smallrye-mutiny-vertx-core-3.8.0.jar;C:\Users\mks\.m2\repository\io\smallrye\reactive\smallrye-mutiny-vertx-runtime\3.8.0\smallrye-mutiny-vertx-runtime-3.8.0.jar;C:\Users\mks\.m2\repository\io\smallrye\reactive\vertx-mutiny-generator\3.8.0\vertx-mutiny-generator-3.8.0.jar;C:\Users\mks\.m2\repository\io\vertx\vertx-codegen\4.5.1\vertx-codegen-4.5.1.jar;C:\Users\mks\.m2\repository\io\quarkus\resteasy\reactive\resteasy-reactive\3.7.1\resteasy-reactive-3.7.1.jar;C:\Users\mks\.m2\repository\jakarta\ws\rs\jakarta.ws.rs-api\3.1.0\jakarta.ws.rs-api-3.1.0.jar;C:\Users\mks\.m2\repository\jakarta\xml\bind\jakarta.xml.bind-api\4.0.1\jakarta.xml.bind-api-4.0.1.jar;C:\Users\mks\.m2\repository\jakarta\activation\jakarta.activation-api\2.1.2\jakarta.activation-api-2.1.2.jar;C:\Users\mks\.m2\repository\io\quarkus\quarkus-jsonp\3.7.1\quarkus-jsonp-3.7.1.jar;C:\Users\mks\.m2\repository\org\eclipse\parsson\parsson\1.1.5\parsson-1.1.5.jar;C:\Users\mks\.m2\repository\io\quarkus\quarkus-virtual-threads\3.7.1\quarkus-virtual-threads-3.7.1.jar;C:\Users\mks\.m2\repository\io\vertx\vertx-core\4.5.1\vertx-core-4.5.1.jar;C:\Users\mks\.m2\repository\io\netty\netty-common\4.1.106.Final\netty-common-4.1.106.Final.jar;C:\Users\mks\.m2\repository\io\netty\netty-buffer\4.1.106.Final\netty-buffer-4.1.106.Final.jar;C:\Users\mks\.m2\repository\io\netty\netty-transport\4.1.106.Final\netty-transport-4.1.106.Final.jar;C:\Users\mks\.m2\repository\io\netty\netty-handler\4.1.106.Final\netty-handler-4.1.106.Final.jar;C:\Users\mks\.m2\repository\io\netty\netty-transport-native-unix-common\4.1.106.Final\netty-transport-native-unix-common-4.1.106.Final.jar;C:\Users\mks\.m2\repository\io\netty\netty-handler-proxy\4.1.106.Final\netty-handler-proxy-4.1.106.Final.jar;C:\Users\mks\.m2\repository\io\netty\netty-codec-socks\4.1.106.Final\netty-codec-socks-4.1.106.Final.jar;C:\Users\mks\.m2\repository\io\netty\netty-codec-http\4.1.106.Final\netty-codec-http-4.1.106.Final.jar;C:\Users\mks\.m2\repository\io\netty\netty-codec-http2\4.1.106.Final\netty-codec-http2-4.1.106.Final.jar;C:\Users\mks\.m2\repository\io\netty\netty-resolver\4.1.106.Final\netty-resolver-4.1.106.Final.jar;C:\Users\mks\.m2\repository\io\netty\netty-resolver-dns\4.1.106.Final\netty-resolver-dns-4.1.106.Final.jar;C:\Users\mks\.m2\repository\io\netty\netty-codec-dns\4.1.106.Final\netty-codec-dns-4.1.106.Final.jar;C:\Users\mks\.m2\repository\io\quarkus\quarkus-resteasy-reactive-jackson-common\3.7.1\quarkus-resteasy-reactive-jackson-common-3.7.1.jar;C:\Users\mks\.m2\repository\io\quarkus\resteasy\reactive\resteasy-reactive-jackson\3.7.1\resteasy-reactive-jackson-3.7.1.jar;C:\Users\mks\.m2\repository\io\quarkus\quarkus-jackson\3.7.1\quarkus-jackson-3.7.1.jar;C:\Users\mks\.m2\repository\com\fasterxml\jackson\datatype\jackson-datatype-jsr310\2.16.1\jackson-datatype-jsr310-2.16.1.jar;C:\Users\mks\.m2\repository\com\fasterxml\jackson\datatype\jackson-datatype-jdk8\2.16.1\jackson-datatype-jdk8-2.16.1.jar;C:\Users\mks\.m2\repository\com\fasterxml\jackson\module\jackson-module-parameter-names\2.16.1\jackson-module-parameter-names-2.16.1.jar;C:\Users\mks\.m2\repository\io\quarkus\quarkus-arc\3.7.1\quarkus-arc-3.7.1.jar;C:\Users\mks\.m2\repository\io\quarkus\arc\arc\3.7.1\arc-3.7.1.jar;C:\Users\mks\.m2\repository\jakarta\enterprise\jakarta.enterprise.cdi-api\4.0.1\jakarta.enterprise.cdi-api-4.0.1.jar;C:\Users\mks\.m2\repository\jakarta\enterprise\jakarta.enterprise.lang-model\4.0.1\jakarta.enterprise.lang-model-4.0.1.jar;C:\Users\mks\.m2\repository\jakarta\el\jakarta.el-api\5.0.1\jakarta.el-api-5.0.1.jar;C:\Users\mks\.m2\repository\jakarta\interceptor\jakarta.interceptor-api\2.1.0\jakarta.interceptor-api-2.1.0.jar;C:\Users\mks\.m2\repository\jakarta\annotation\jakarta.annotation-api\2.1.1\jakarta.annotation-api-2.1.1.jar;C:\Users\mks\.m2\repository\jakarta\transaction\jakarta.transaction-api\2.0.1\jakarta.transaction-api-2.0.1.jar;C:\Users\mks\.m2\repository\io\smallrye\reactive\mutiny\2.5.6\mutiny-2.5.6.jar;C:\Users\mks\.m2\repository\io\smallrye\common\smallrye-common-annotation\2.1.2\smallrye-common-annotation-2.1.2.jar;C:\Users\mks\.m2\repository\org\jboss\logging\jboss-logging\3.5.3.Final\jboss-logging-3.5.3.Final.jar;C:\Users\mks\.m2\repository\io\quarkus\quarkus-core\3.7.1\quarkus-core-3.7.1.jar;C:\Users\mks\.m2\repository\jakarta\inject\jakarta.inject-api\2.0.1\jakarta.inject-api-2.0.1.jar;C:\Users\mks\.m2\repository\io\smallrye\common\smallrye-common-os\2.1.2\smallrye-common-os-2.1.2.jar;C:\Users\mks\.m2\repository\io\quarkus\quarkus-ide-launcher\3.7.1\quarkus-ide-launcher-3.7.1.jar;C:\Users\mks\.m2\repository\io\quarkus\quarkus-development-mode-spi\3.7.1\quarkus-development-mode-spi-3.7.1.jar;C:\Users\mks\.m2\repository\io\smallrye\config\smallrye-config\3.5.2\smallrye-config-3.5.2.jar;C:\Users\mks\.m2\repository\io\smallrye\config\smallrye-config-core\3.5.2\smallrye-config-core-3.5.2.jar;C:\Users\mks\.m2\repository\io\smallrye\common\smallrye-common-classloader\2.1.2\smallrye-common-classloader-2.1.2.jar;C:\Users\mks\.m2\repository\io\smallrye\config\smallrye-config-common\3.5.2\smallrye-config-common-3.5.2.jar;C:\Users\mks\.m2\repository\org\jboss\logmanager\jboss-logmanager\3.0.4.Final\jboss-logmanager-3.0.4.Final.jar;C:\Users\mks\.m2\repository\io\smallrye\common\smallrye-common-constraint\2.1.2\smallrye-common-constraint-2.1.2.jar;C:\Users\mks\.m2\repository\io\smallrye\common\smallrye-common-cpu\2.1.2\smallrye-common-cpu-2.1.2.jar;C:\Users\mks\.m2\repository\io\smallrye\common\smallrye-common-expression\2.1.2\smallrye-common-expression-2.1.2.jar;C:\Users\mks\.m2\repository\io\smallrye\common\smallrye-common-function\2.1.2\smallrye-common-function-2.1.2.jar;C:\Users\mks\.m2\repository\io\smallrye\common\smallrye-common-net\2.1.2\smallrye-common-net-2.1.2.jar;C:\Users\mks\.m2\repository\io\smallrye\common\smallrye-common-ref\2.1.2\smallrye-common-ref-2.1.2.jar;C:\Users\mks\.m2\repository\jakarta\json\jakarta.json-api\2.1.3\jakarta.json-api-2.1.3.jar;C:\Users\mks\.m2\repository\org\jboss\logging\jboss-logging-annotations\2.2.1.Final\jboss-logging-annotations-2.2.1.Final.jar;C:\Users\mks\.m2\repository\org\jboss\threads\jboss-threads\3.5.1.Final\jboss-threads-3.5.1.Final.jar;C:\Users\mks\.m2\repository\org\slf4j\slf4j-api\2.0.6\slf4j-api-2.0.6.jar;C:\Users\mks\.m2\repository\org\jboss\slf4j\slf4j-jboss-logmanager\2.0.0.Final\slf4j-jboss-logmanager-2.0.0.Final.jar;C:\Users\mks\.m2\repository\org\wildfly\common\wildfly-common\1.7.0.Final\wildfly-common-1.7.0.Final.jar;C:\Users\mks\.m2\repository\io\quarkus\quarkus-bootstrap-runner\3.7.1\quarkus-bootstrap-runner-3.7.1.jar;C:\Users\mks\.m2\repository\io\quarkus\quarkus-fs-util\0.0.10\quarkus-fs-util-0.0.10.jar;C:\Users\mks\.m2\repository\org\eclipse\microprofile\context-propagation\microprofile-context-propagation-api\1.3\microprofile-context-propagation-api-1.3.jar;C:\Users\mks\.m2\repository\com\opencsv\opencsv\5.8\opencsv-5.8.jar;C:\Users\mks\.m2\repository\org\apache\commons\commons-lang3\3.14.0\commons-lang3-3.14.0.jar;C:\Users\mks\.m2\repository\org\apache\commons\commons-text\1.11.0\commons-text-1.11.0.jar;C:\Users\mks\.m2\repository\commons-beanutils\commons-beanutils\1.9.4\commons-beanutils-1.9.4.jar;C:\Users\mks\.m2\repository\commons-logging\commons-logging\1.2\commons-logging-1.2.jar;C:\Users\mks\.m2\repository\commons-collections\commons-collections\3.2.2\commons-collections-3.2.2.jar;C:\Users\mks\.m2\repository\org\apache\commons\commons-collections4\4.4\commons-collections4-4.4.jar;C:\Users\mks\.m2\repository\io\quarkus\quarkus-smallrye-openapi\3.7.1\quarkus-smallrye-openapi-3.7.1.jar;C:\Users\mks\.m2\repository\io\smallrye\smallrye-open-api-core\3.8.0\smallrye-open-api-core-3.8.0.jar;C:\Users\mks\.m2\repository\org\eclipse\microprofile\openapi\microprofile-openapi-api\3.1.1\microprofile-openapi-api-3.1.1.jar;C:\Users\mks\.m2\repository\org\eclipse\microprofile\config\microprofile-config-api\3.0.3\microprofile-config-api-3.0.3.jar;C:\Users\mks\.m2\repository\com\fasterxml\jackson\core\jackson-core\2.16.1\jackson-core-2.16.1.jar;C:\Users\mks\.m2\repository\com\fasterxml\jackson\core\jackson-databind\2.16.1\jackson-databind-2.16.1.jar;C:\Users\mks\.m2\repository\com\fasterxml\jackson\core\jackson-annotations\2.16.1\jackson-annotations-2.16.1.jar;C:\Users\mks\.m2\repository\com\fasterxml\jackson\dataformat\jackson-dataformat-yaml\2.16.1\jackson-dataformat-yaml-2.16.1.jar;C:\Users\mks\.m2\repository\org\yaml\snakeyaml\2.2\snakeyaml-2.2.jar;C:\Users\mks\.m2\repository\io\smallrye\jandex\3.1.6\jandex-3.1.6.jar;C:\Users\mks\.m2\repository\io\quarkus\quarkus-vertx-http\3.7.1\quarkus-vertx-http-3.7.1.jar;C:\Users\mks\.m2\repository\io\quarkus\quarkus-security-runtime-spi\3.7.1\quarkus-security-runtime-spi-3.7.1.jar;C:\Users\mks\.m2\repository\io\quarkus\quarkus-credentials\3.7.1\quarkus-credentials-3.7.1.jar;C:\Users\mks\.m2\repository\io\quarkus\quarkus-mutiny\3.7.1\quarkus-mutiny-3.7.1.jar;C:\Users\mks\.m2\repository\io\quarkus\quarkus-smallrye-context-propagation\3.7.1\quarkus-smallrye-context-propagation-3.7.1.jar;C:\Users\mks\.m2\repository\io\smallrye\smallrye-context-propagation\2.1.0\smallrye-context-propagation-2.1.0.jar;C:\Users\mks\.m2\repository\io\smallrye\smallrye-context-propagation-api\2.1.0\smallrye-context-propagation-api-2.1.0.jar;C:\Users\mks\.m2\repository\io\smallrye\smallrye-context-propagation-storage\2.1.0\smallrye-context-propagation-storage-2.1.0.jar;C:\Users\mks\.m2\repository\io\smallrye\reactive\mutiny-smallrye-context-propagation\2.5.6\mutiny-smallrye-context-propagation-2.5.6.jar;C:\Users\mks\.m2\repository\io\smallrye\common\smallrye-common-vertx-context\2.1.2\smallrye-common-vertx-context-2.1.2.jar;C:\Users\mks\.m2\repository\io\quarkus\security\quarkus-security\2.0.3.Final\quarkus-security-2.0.3.Final.jar;C:\Users\mks\.m2\repository\io\quarkus\quarkus-vertx\3.7.1\quarkus-vertx-3.7.1.jar;C:\Users\mks\.m2\repository\io\quarkus\quarkus-netty\3.7.1\quarkus-netty-3.7.1.jar;C:\Users\mks\.m2\repository\io\netty\netty-codec\4.1.106.Final\netty-codec-4.1.106.Final.jar;C:\Users\mks\.m2\repository\com\aayushatharva\brotli4j\brotli4j\1.12.0\brotli4j-1.12.0.jar;C:\Users\mks\.m2\repository\com\aayushatharva\brotli4j\service\1.12.0\service-1.12.0.jar;C:\Users\mks\.m2\repository\com\aayushatharva\brotli4j\native-windows-x86_64\1.12.0\native-windows-x86_64-1.12.0.jar;C:\Users\mks\.m2\repository\io\netty\netty-codec-haproxy\4.1.106.Final\netty-codec-haproxy-4.1.106.Final.jar;C:\Users\mks\.m2\repository\io\quarkus\quarkus-vertx-latebound-mdc-provider\3.7.1\quarkus-vertx-latebound-mdc-provider-3.7.1.jar;C:\Users\mks\.m2\repository\io\smallrye\smallrye-fault-tolerance-vertx\6.2.6\smallrye-fault-tolerance-vertx-6.2.6.jar;C:\Users\mks\.m2\repository\io\smallrye\reactive\smallrye-mutiny-vertx-web\3.8.0\smallrye-mutiny-vertx-web-3.8.0.jar;C:\Users\mks\.m2\repository\io\smallrye\reactive\smallrye-mutiny-vertx-web-common\3.8.0\smallrye-mutiny-vertx-web-common-3.8.0.jar;C:\Users\mks\.m2\repository\io\smallrye\reactive\smallrye-mutiny-vertx-auth-common\3.8.0\smallrye-mutiny-vertx-auth-common-3.8.0.jar;C:\Users\mks\.m2\repository\io\smallrye\reactive\smallrye-mutiny-vertx-bridge-common\3.8.0\smallrye-mutiny-vertx-bridge-common-3.8.0.jar;C:\Users\mks\.m2\repository\io\smallrye\reactive\smallrye-mutiny-vertx-uri-template\3.8.0\smallrye-mutiny-vertx-uri-template-3.8.0.jar;C:\Users\mks\.m2\repository\io\vertx\vertx-uri-template\4.5.1\vertx-uri-template-4.5.1.jar;C:\Users\mks\.m2\repository\io\vertx\vertx-web\4.5.1\vertx-web-4.5.1.jar;C:\Users\mks\.m2\repository\io\vertx\vertx-web-common\4.5.1\vertx-web-common-4.5.1.jar;C:\Users\mks\.m2\repository\io\vertx\vertx-auth-common\4.5.1\vertx-auth-common-4.5.1.jar;C:\Users\mks\.m2\repository\io\vertx\vertx-bridge-common\4.5.1\vertx-bridge-common-4.5.1.jar;C:\Users\mks\.m2\repository\io\github\crac\org-crac\0.1.3\org-crac-0.1.3.jar;C:\Users\mks\.m2\repository\io\quarkus\quarkus-swagger-ui\3.7.1\quarkus-swagger-ui-3.7.1.jar;C:\Users\mks\.m2\repository\io\quarkus\quarkus-junit5\3.7.1\quarkus-junit5-3.7.1.jar;C:\Users\mks\.m2\repository\io\quarkus\quarkus-bootstrap-core\3.7.1\quarkus-bootstrap-core-3.7.1.jar;C:\Users\mks\.m2\repository\io\quarkus\quarkus-bootstrap-app-model\3.7.1\quarkus-bootstrap-app-model-3.7.1.jar;C:\Users\mks\.m2\repository\io\smallrye\common\smallrye-common-io\2.1.2\smallrye-common-io-2.1.2.jar;C:\Users\mks\.m2\repository\org\eclipse\sisu\org.eclipse.sisu.inject\0.9.0.M2\org.eclipse.sisu.inject-0.9.0.M2.jar;C:\Users\mks\.m2\repository\io\quarkus\quarkus-test-common\3.7.1\quarkus-test-common-3.7.1.jar;C:\Users\mks\.m2\repository\io\quarkus\quarkus-core-deployment\3.7.1\quarkus-core-deployment-3.7.1.jar;C:\Users\mks\.m2\repository\org\aesh\readline\2.4\readline-2.4.jar;C:\Users\mks\.m2\repository\org\fusesource\jansi\jansi\2.4.0\jansi-2.4.0.jar;C:\Users\mks\.m2\repository\org\aesh\aesh\2.7\aesh-2.7.jar;C:\Users\mks\.m2\repository\io\quarkus\gizmo\gizmo\1.7.0\gizmo-1.7.0.jar;C:\Users\mks\.m2\repository\org\ow2\asm\asm-util\9.6\asm-util-9.6.jar;C:\Users\mks\.m2\repository\org\ow2\asm\asm-analysis\9.6\asm-analysis-9.6.jar;C:\Users\mks\.m2\repository\org\ow2\asm\asm\9.6\asm-9.6.jar;C:\Users\mks\.m2\repository\org\ow2\asm\asm-commons\9.6\asm-commons-9.6.jar;C:\Users\mks\.m2\repository\org\ow2\asm\asm-tree\9.6\asm-tree-9.6.jar;C:\Users\mks\.m2\repository\io\quarkus\quarkus-class-change-agent\3.7.1\quarkus-class-change-agent-3.7.1.jar;C:\Users\mks\.m2\repository\io\quarkus\quarkus-devtools-utilities\3.7.1\quarkus-devtools-utilities-3.7.1.jar;C:\Users\mks\.m2\repository\io\quarkus\quarkus-builder\3.7.1\quarkus-builder-3.7.1.jar;C:\Users\mks\.m2\repository\org\graalvm\sdk\graal-sdk\23.0.1\graal-sdk-23.0.1.jar;C:\Users\mks\.m2\repository\org\junit\platform\junit-platform-launcher\1.10.1\junit-platform-launcher-1.10.1.jar;C:\Users\mks\.m2\repository\io\quarkus\quarkus-bootstrap-maven-resolver\3.7.1\quarkus-bootstrap-maven-resolver-3.7.1.jar;C:\Users\mks\.m2\repository\io\smallrye\beanbag\smallrye-beanbag-maven\1.3.2\smallrye-beanbag-maven-1.3.2.jar;C:\Users\mks\.m2\repository\io\smallrye\beanbag\smallrye-beanbag-sisu\1.3.2\smallrye-beanbag-sisu-1.3.2.jar;C:\Users\mks\.m2\repository\io\smallrye\beanbag\smallrye-beanbag\1.3.2\smallrye-beanbag-1.3.2.jar;C:\Users\mks\.m2\repository\javax\inject\javax.inject\1\javax.inject-1.jar;C:\Users\mks\.m2\repository\org\apache\maven\maven-artifact\3.9.6\maven-artifact-3.9.6.jar;C:\Users\mks\.m2\repository\org\apache\maven\maven-builder-support\3.9.6\maven-builder-support-3.9.6.jar;C:\Users\mks\.m2\repository\org\apache\maven\maven-model\3.9.6\maven-model-3.9.6.jar;C:\Users\mks\.m2\repository\org\apache\maven\maven-model-builder\3.9.6\maven-model-builder-3.9.6.jar;C:\Users\mks\.m2\repository\org\apache\maven\maven-repository-metadata\3.9.6\maven-repository-metadata-3.9.6.jar;C:\Users\mks\.m2\repository\org\apache\maven\maven-settings\3.9.6\maven-settings-3.9.6.jar;C:\Users\mks\.m2\repository\org\apache\maven\resolver\maven-resolver-api\1.9.18\maven-resolver-api-1.9.18.jar;C:\Users\mks\.m2\repository\org\apache\maven\resolver\maven-resolver-impl\1.9.18\maven-resolver-impl-1.9.18.jar;C:\Users\mks\.m2\repository\org\apache\maven\resolver\maven-resolver-named-locks\1.9.18\maven-resolver-named-locks-1.9.18.jar;C:\Users\mks\.m2\repository\org\apache\maven\resolver\maven-resolver-spi\1.9.18\maven-resolver-spi-1.9.18.jar;C:\Users\mks\.m2\repository\org\apache\maven\resolver\maven-resolver-util\1.9.18\maven-resolver-util-1.9.18.jar;C:\Users\mks\.m2\repository\org\apache\maven\resolver\maven-resolver-transport-http\1.9.10\maven-resolver-transport-http-1.9.10.jar;C:\Users\mks\.m2\repository\org\apache\maven\wagon\wagon-provider-api\3.5.3\wagon-provider-api-3.5.3.jar;C:\Users\mks\.m2\repository\org\apache\maven\wagon\wagon-http-shared\3.5.3\wagon-http-shared-3.5.3.jar;C:\Users\mks\.m2\repository\org\codehaus\plexus\plexus-interpolation\1.26\plexus-interpolation-1.26.jar;C:\Users\mks\.m2\repository\org\codehaus\plexus\plexus-utils\3.5.1\plexus-utils-3.5.1.jar;C:\Users\mks\.m2\repository\org\codehaus\plexus\plexus-xml\4.0.0\plexus-xml-4.0.0.jar;C:\Users\mks\.m2\repository\org\apache\maven\maven-xml-impl\4.0.0-alpha-5\maven-xml-impl-4.0.0-alpha-5.jar;C:\Users\mks\.m2\repository\org\apache\maven\maven-api-xml\4.0.0-alpha-5\maven-api-xml-4.0.0-alpha-5.jar;C:\Users\mks\.m2\repository\org\apache\maven\maven-api-meta\4.0.0-alpha-5\maven-api-meta-4.0.0-alpha-5.jar;C:\Users\mks\.m2\repository\org\codehaus\plexus\plexus-cipher\2.0\plexus-cipher-2.0.jar;C:\Users\mks\.m2\repository\org\codehaus\plexus\plexus-sec-dispatcher\2.0\plexus-sec-dispatcher-2.0.jar;C:\Users\mks\.m2\repository\org\apache\maven\maven-embedder\3.9.6\maven-embedder-3.9.6.jar;C:\Users\mks\.m2\repository\org\apache\maven\maven-core\3.9.6\maven-core-3.9.6.jar;C:\Users\mks\.m2\repository\org\codehaus\plexus\plexus-component-annotations\2.1.0\plexus-component-annotations-2.1.0.jar;C:\Users\mks\.m2\repository\org\apache\maven\maven-plugin-api\3.9.6\maven-plugin-api-3.9.6.jar;C:\Users\mks\.m2\repository\org\apache\maven\shared\maven-shared-utils\3.3.4\maven-shared-utils-3.3.4.jar;C:\Users\mks\.m2\repository\com\google\inject\guice\5.1.0\guice-5.1.0.jar;C:\Users\mks\.m2\repository\aopalliance\aopalliance\1.0\aopalliance-1.0.jar;C:\Users\mks\.m2\repository\com\google\guava\guava\33.0.0-jre\guava-33.0.0-jre.jar;C:\Users\mks\.m2\repository\com\google\guava\failureaccess\1.0.1\failureaccess-1.0.1.jar;C:\Users\mks\.m2\repository\javax\annotation\javax.annotation-api\1.3.2\javax.annotation-api-1.3.2.jar;C:\Users\mks\.m2\repository\org\codehaus\plexus\plexus-classworlds\2.6.0\plexus-classworlds-2.6.0.jar;C:\Users\mks\.m2\repository\commons-cli\commons-cli\1.5.0\commons-cli-1.5.0.jar;C:\Users\mks\.m2\repository\org\eclipse\sisu\org.eclipse.sisu.plexus\0.9.0.M2\org.eclipse.sisu.plexus-0.9.0.M2.jar;C:\Users\mks\.m2\repository\org\apache\maven\maven-settings-builder\3.9.6\maven-settings-builder-3.9.6.jar;C:\Users\mks\.m2\repository\org\apache\maven\maven-resolver-provider\3.9.6\maven-resolver-provider-3.9.6.jar;C:\Users\mks\.m2\repository\org\apache\maven\resolver\maven-resolver-connector-basic\1.9.18\maven-resolver-connector-basic-1.9.18.jar;C:\Users\mks\.m2\repository\org\apache\maven\resolver\maven-resolver-transport-wagon\1.9.18\maven-resolver-transport-wagon-1.9.18.jar;C:\Users\mks\.m2\repository\org\apache\maven\wagon\wagon-http\3.5.3\wagon-http-3.5.3.jar;C:\Users\mks\.m2\repository\org\apache\maven\wagon\wagon-file\3.5.3\wagon-file-3.5.3.jar;C:\Users\mks\.m2\repository\io\quarkus\quarkus-bootstrap-gradle-resolver\3.7.1\quarkus-bootstrap-gradle-resolver-3.7.1.jar;C:\Users\mks\.m2\repository\commons-io\commons-io\2.15.1\commons-io-2.15.1.jar;C:\Users\mks\.m2\repository\org\jboss\logging\commons-logging-jboss-logging\1.0.0.Final\commons-logging-jboss-logging-1.0.0.Final.jar;C:\Users\mks\.m2\repository\io\quarkus\quarkus-junit5-properties\3.7.1\quarkus-junit5-properties-3.7.1.jar;C:\Users\mks\.m2\repository\org\junit\jupiter\junit-jupiter\5.10.1\junit-jupiter-5.10.1.jar;C:\Users\mks\.m2\repository\org\junit\jupiter\junit-jupiter-api\5.10.1\junit-jupiter-api-5.10.1.jar;C:\Users\mks\.m2\repository\org\opentest4j\opentest4j\1.3.0\opentest4j-1.3.0.jar;C:\Users\mks\.m2\repository\org\junit\platform\junit-platform-commons\1.10.1\junit-platform-commons-1.10.1.jar;C:\Users\mks\.m2\repository\org\apiguardian\apiguardian-api\1.1.2\apiguardian-api-1.1.2.jar;C:\Users\mks\.m2\repository\org\junit\jupiter\junit-jupiter-params\5.10.1\junit-jupiter-params-5.10.1.jar;C:\Users\mks\.m2\repository\org\junit\jupiter\junit-jupiter-engine\5.10.1\junit-jupiter-engine-5.10.1.jar;C:\Users\mks\.m2\repository\org\junit\platform\junit-platform-engine\1.10.1\junit-platform-engine-1.10.1.jar;C:\Users\mks\.m2\repository\com\thoughtworks\xstream\xstream\1.4.20\xstream-1.4.20.jar;C:\Users\mks\.m2\repository\io\github\x-stream\mxparser\1.2.2\mxparser-1.2.2.jar;C:\Users\mks\.m2\repository\xmlpull\xmlpull\1.1.3.1\xmlpull-1.1.3.1.jar;C:\Users\mks\.m2\repository\io\rest-assured\rest-assured\5.4.0\rest-assured-5.4.0.jar;C:\Users\mks\.m2\repository\org\apache\groovy\groovy\4.0.16\groovy-4.0.16.jar;C:\Users\mks\.m2\repository\org\apache\groovy\groovy-xml\4.0.16\groovy-xml-4.0.16.jar;C:\Users\mks\.m2\repository\org\apache\httpcomponents\httpclient\4.5.14\httpclient-4.5.14.jar;C:\Users\mks\.m2\repository\org\apache\httpcomponents\httpcore\4.4.16\httpcore-4.4.16.jar;C:\Users\mks\.m2\repository\commons-codec\commons-codec\1.16.0\commons-codec-1.16.0.jar;C:\Users\mks\.m2\repository\org\apache\httpcomponents\httpmime\4.5.14\httpmime-4.5.14.jar;C:\Users\mks\.m2\repository\org\hamcrest\hamcrest\2.2\hamcrest-2.2.jar;C:\Users\mks\.m2\repository\org\ccil\cowan\tagsoup\tagsoup\1.2.1\tagsoup-1.2.1.jar;C:\Users\mks\.m2\repository\io\rest-assured\json-path\5.4.0\json-path-5.4.0.jar;C:\Users\mks\.m2\repository\org\apache\groovy\groovy-json\4.0.16\groovy-json-4.0.16.jar;C:\Users\mks\.m2\repository\io\rest-assured\rest-assured-common\5.4.0\rest-assured-common-5.4.0.jar;C:\Users\mks\.m2\repository\io\rest-assured\xml-path\5.4.0\xml-path-5.4.0.jar;C:\Users\mks\.m2\repository\org\assertj\assertj-core\3.24.2\assertj-core-3.24.2.jar;C:\Users\mks\.m2\repository\net\bytebuddy\byte-buddy\1.14.7\byte-buddy-1.14.7.jar;"/>
    <property name="sun.cpu.endian" value="little"/>
    <property name="vertx.disableWebsockets" value="true"/>
    <property name="user.home" value="C:\Users\mks"/>
    <property name="user.language" value="en"/>
    <property name="jboss.log-version" value="false"/>
    <property name="mp.openapi.extensions.smallrye.defaultPrimitivesConsumes" value="text/plain"/>
    <property name="java.specification.vendor" value="Oracle Corporation"/>
    <property name="io.netty.allocator.maxOrder" value="3"/>
    <property name="java.version.date" value="2024-10-15"/>
    <property name="java.home" value="C:\Program Files\Amazon Corretto\jdk21.0.5_11"/>
    <property name="file.separator" value="\"/>
    <property name="basedir" value="C:\Users\mks\Claude\quarkus-telemetry"/>
    <property name="java.vm.compressedOopsMode" value="Zero based"/>
    <property name="line.separator" value="&#10;"/>
    <property name="java.vm.specification.vendor" value="Oracle Corporation"/>
    <property name="java.specification.name" value="Java Platform API Specification"/>
    <property name="surefire.real.class.path" value="C:\Users\mks\AppData\Local\Temp\surefire15823882099549612612\surefirebooter-20250204120006458_3.jar"/>
    <property name="mp.openapi.extensions.smallrye.defaultStreamingConsumes" value="application/octet-stream"/>
    <property name="user.script" value=""/>
    <property name="sun.management.compiler" value="HotSpot 64-Bit Tiered Compilers"/>
    <property name="mp.openapi.extensions.smallrye.defaultPrimitivesProduces" value="text/plain"/>
    <property name="java.runtime.version" value="21.0.5+11-LTS"/>
    <property name="user.name" value="mks"/>
    <property name="stdout.encoding" value="Cp1252"/>
    <property name="path.separator" value=";"/>
    <property name="os.version" value="10.0"/>
    <property name="java.runtime.name" value="OpenJDK Runtime Environment"/>
    <property name="file.encoding" value="UTF-8"/>
    <property name="java.vm.name" value="OpenJDK 64-Bit Server VM"/>
    <property name="java.vendor.version" value="Corretto-21.0.5.11.1"/>
    <property name="localRepository" value="C:\Users\mks\.m2\repository"/>
    <property name="java.vendor.url.bug" value="https://github.com/corretto/corretto-21/issues/"/>
    <property name="java.io.tmpdir" value="C:\Users\mks\AppData\Local\Temp\"/>
    <property name="quarkus.log.file.path" value="target\quarkus.log"/>
    <property name="java.version" value="21.0.5"/>
    <property name="mp.openapi.extensions.smallrye.defaultStreamingProduces" value="application/octet-stream"/>
    <property name="java.util.concurrent.ForkJoinPool.common.threadFactory" value="io.quarkus.bootstrap.forkjoin.QuarkusForkJoinWorkerThreadFactory"/>
    <property name="user.dir" value="C:\Users\mks\Claude\quarkus-telemetry"/>
    <property name="os.arch" value="amd64"/>
    <property name="java.vm.specification.name" value="Java Virtual Machine Specification"/>
    <property name="vertx.disableDnsResolver" value="true"/>
    <property name="sun.os.patch.level" value=""/>
    <property name="native.encoding" value="Cp1252"/>
    <property name="java.util.logging.manager" value="org.jboss.logmanager.LogManager"/>
    <property name="java.library.path" value="C:\Program Files\Amazon Corretto\jdk21.0.5_11\bin;C:\Windows\Sun\Java\bin;C:\Windows\system32;C:\Windows;C:\Program Files\Amazon Corretto\jdk21.0.5_11\bin;C:\Program Files\Amazon Corretto\jdk23.0.1_8\bin;C:\Windows\system32;C:\Windows;C:\Windows\System32\Wbem;C:\Windows\System32\WindowsPowerShell\v1.0\;C:\Windows\System32\OpenSSH\;C:\Program Files\Docker\Docker\resources\bin;C:\Program Files (x86)\Plantronics\Spokes3G\;C:\Program Files\Microsoft VS Code\bin;C:\Program Files\nodejs\;C:\ProgramData\chocolatey\bin;C:\Program Files\Python312;c:\users\mks\appdata\local\packages\pythonsoftwarefoundation.python.3.13_qbz5n2kfra8p0\localcache\local-packages\python313\site-packages (0.5.9);C:\ProgramData\chocolatey\lib\maven\apache-maven-3.9.9\bin;C:\Program Files\Git\cmd;C:\Users\mks\.local\bin;C:\Users\mks\AppData\Local\Microsoft\WindowsApps;C:\Users\mks\AppData\Roaming\npm;."/>
    <property name="java.vm.info" value="mixed mode, sharing"/>
    <property name="stderr.encoding" value="Cp1252"/>
    <property name="java.vendor" value="Amazon.com Inc."/>
    <property name="vertx.disableTCCL" value="true"/>
    <property name="java.vm.version" value="21.0.5+11-LTS"/>
    <property name="sun.io.unicode.encoding" value="UnicodeLittle"/>
    <property name="io.netty.machineId" value="4c:0d:b3:8f:10:20:5a:80"/>
    <property name="java.class.version" value="65.0"/>
    <property name="mp.openapi.extensions.smallrye.defaultConsumes" value="application/json"/>
  </properties>
  <testcase name="validateResolution_ValidResolutions_NoException(String)[1]" classname="org.acme.telemetry.TelemetryValidatorTest" time="0.043"/>
  <testcase name="validateResolution_ValidResolutions_NoException(String)[2]" classname="org.acme.telemetry.TelemetryValidatorTest" time="0.002"/>
  <testcase name="validateResolution_ValidResolutions_NoException(String)[3]" classname="org.acme.telemetry.TelemetryValidatorTest" time="0.003"/>
  <testcase name="validateResolution_ValidResolutions_NoException(String)[4]" classname="org.acme.telemetry.TelemetryValidatorTest" time="0.003"/>
  <testcase name="validateResolution_ValidResolutions_NoException(String)[5]" classname="org.acme.telemetry.TelemetryValidatorTest" time="0.002"/>
  <testcase name="validateResolution_ValidResolutions_NoException(String)[6]" classname="org.acme.telemetry.TelemetryValidatorTest" time="0.003"/>
  <testcase name="validateResolution_ValidResolutions_NoException(String)[7]" classname="org.acme.telemetry.TelemetryValidatorTest" time="0.002"/>
  <testcase name="validateResolution_ValidResolutions_NoException(String)[8]" classname="org.acme.telemetry.TelemetryValidatorTest" time="0.001"/>
  <testcase name="validateResolution_ValidResolutions_NoException(String)[9]" classname="org.acme.telemetry.TelemetryValidatorTest" time="0.002"/>
  <testcase name="validateResolution_ValidResolutions_NoException(String)[10]" classname="org.acme.telemetry.TelemetryValidatorTest" time="0.002"/>
  <testcase name="validateResolution_InvalidResolution_ThrowsException" classname="org.acme.telemetry.TelemetryValidatorTest" time="0.004"/>
  <testcase name="validateTimeRange_RangeTooLarge_ThrowsException" classname="org.acme.telemetry.TelemetryValidatorTest" time="0.005"/>
  <testcase name="validateTimeRange_FromAfterTo_ThrowsException" classname="org.acme.telemetry.TelemetryValidatorTest" time="0.002"/>
  <testcase name="validateResolution_NullResolution_ThrowsException" classname="org.acme.telemetry.TelemetryValidatorTest" time="0.002"/>
  <testcase name="validateTimeRange_ValidRange_NoException" classname="org.acme.telemetry.TelemetryValidatorTest" time="0.002"/>
</testsuite>